#
# A fatal error has been detected by the Java Runtime Environment:
#
#  Internal Error (javaCalls.cpp:51), pid=2436, tid=0x0000000000000518
#  guarantee(thread->is_Java_thread()) failed: crucial check - the VM thread cannot and must not escape to Java code
#
# JRE version: Java(TM) SE Runtime Environment (8.0_201-b09) (build 1.8.0_201-b09)
# Java VM: Java HotSpot(TM) 64-Bit Server VM (25.201-b09 mixed mode windows-amd64 compressed oops)
# Failed to write core dump. Minidumps are not enabled by default on client versions of Windows
#
# If you would like to submit a bug report, please visit:
#   http://bugreport.java.com/bugreport/crash.jsp
#

---------------  T H R E A D  ---------------

Current thread (0x0000000017bd8000):  VMThread [stack: 0x0000000018c60000,0x0000000018d60000] [id=1304]

Stack: [0x0000000018c60000,0x0000000018d60000]
[error occurred during error reporting (printing stack bounds), id 0xc0000005]

Native frames: (J=compiled Java code, j=interpreted, Vv=VM code, C=native code)

VM_Operation (0x000000001968f090): GetOrSetLocal, mode: safepoint, requested by thread 0x0000000017c1e800


---------------  P R O C E S S  ---------------

Java Threads: ( => current thread )
  0x000000001e02e000 JavaThread "Okio Watchdog" daemon [_thread_blocked, id=8888, stack(0x0000000021300000,0x0000000021400000)]
  0x00000000198bb000 JavaThread "Exec Stream Pumper" daemon [_thread_in_native, id=9416, stack(0x0000000020d00000,0x0000000020e00000)]
  0x000000001d68c800 JavaThread "Exec Stream Pumper" daemon [_thread_in_native, id=12192, stack(0x000000001fb70000,0x000000001fc70000)]
  0x000000001d580000 JavaThread "Exec Default Executor" daemon [_thread_in_native, id=18048, stack(0x000000001bc60000,0x000000001bd60000)]
  0x000000001a262800 JavaThread "ReaderThread" [_thread_in_native, id=6412, stack(0x000000001a990000,0x000000001aa90000)]
  0x0000000019af7000 JavaThread "Service Thread" daemon [_thread_blocked, id=13188, stack(0x0000000019f90000,0x000000001a090000)]
  0x0000000019a79000 JavaThread "C1 CompilerThread2" daemon [_thread_blocked, id=14316, stack(0x0000000019e90000,0x0000000019f90000)]
  0x0000000019a70000 JavaThread "C2 CompilerThread1" daemon [_thread_blocked, id=17952, stack(0x0000000019d90000,0x0000000019e90000)]
  0x0000000019a6f000 JavaThread "C2 CompilerThread0" daemon [_thread_blocked, id=14588, stack(0x0000000019c90000,0x0000000019d90000)]
  0x0000000017c2e800 JavaThread "JDWP Command Reader" daemon [_thread_in_native, id=10892, stack(0x0000000019790000,0x0000000019890000)]
  0x0000000017c2b000 JavaThread "JDWP Event Helper Thread" daemon [_thread_blocked, id=8928, stack(0x0000000019690000,0x0000000019790000)]
  0x0000000017c1e800 JavaThread "JDWP Transport Listener: dt_socket" daemon [_thread_blocked, id=13072, stack(0x0000000019590000,0x0000000019690000)]
  0x0000000017c14000 JavaThread "Attach Listener" daemon [_thread_blocked, id=13340, stack(0x0000000019150000,0x0000000019250000)]
  0x0000000017c13000 JavaThread "Signal Dispatcher" daemon [_thread_blocked, id=18060, stack(0x0000000019050000,0x0000000019150000)]
  0x0000000017bff800 JavaThread "Finalizer" daemon [_thread_blocked, id=15060, stack(0x0000000018e60000,0x0000000018f60000)]
  0x0000000003133800 JavaThread "Reference Handler" daemon [_thread_blocked, id=12088, stack(0x0000000018d60000,0x0000000018e60000)]
  0x0000000003044800 JavaThread "main" [_thread_blocked, id=4820, stack(0x0000000002e40000,0x0000000002f40000)]

Other Threads:
=>0x0000000017bd8000 VMThread [stack: 0x0000000018c60000,0x0000000018d60000] [id=1304]
  0x0000000019b62800 WatcherThread [stack: 0x000000001a090000,0x000000001a190000] [id=14904]

VM state:at safepoint (normal execution)

VM Mutex/Monitor currently owned by a thread:  ([mutex/lock_event])
[0x0000000003041c50] Threads_lock - owner thread: 0x0000000017bd8000

heap address: 0x0000000082200000, size: 2014 MB, Compressed Oops mode: 32-bit
Narrow klass base: 0x0000000000000000, Narrow klass shift: 3
Compressed class space size: 1073741824 Address: 0x0000000100000000

Heap:
 PSYoungGen      total 37888K, used 13057K [0x00000000d6100000, 0x00000000d8b00000, 0x0000000100000000)
  eden space 32768K, 24% used [0x00000000d6100000,0x00000000d68c15b8,0x00000000d8100000)
  from space 5120K, 99% used [0x00000000d8600000,0x00000000d8aff088,0x00000000d8b00000)
  to   space 5120K, 0% used [0x00000000d8100000,0x00000000d8100000,0x00000000d8600000)
 ParOldGen       total 86016K, used 2084K [0x0000000082200000, 0x0000000087600000, 0x00000000d6100000)
  object space 86016K, 2% used [0x0000000082200000,0x00000000824090a0,0x0000000087600000)
 Metaspace       used 17726K, capacity 18400K, committed 18560K, reserved 1064960K
  class space    used 2396K, capacity 2586K, committed 2688K, reserved 1048576K

Card table byte_map: [0x0000000012500000,0x00000000128f0000] byte_map_base: 0x00000000120ef000

Marking Bits: (ParMarkBitMap*) 0x000000006e724ce0
 Begin Bits: [0x0000000012f90000, 0x0000000014f08000)
 End Bits:   [0x0000000014f08000, 0x0000000016e80000)

Polling page: 0x0000000000ff0000

CodeCache: size=245760Kb used=7549Kb max_used=7635Kb free=238210Kb
 bounds [0x0000000003140000, 0x00000000038d0000, 0x0000000012140000]
 total_blobs=2151 nmethods=1745 adapters=326
 compilation: enabled

Compilation events (10 events):
Event: 6.514 Thread 0x0000000019a79000 1759       3       com.google.common.collect.RegularImmutableMap::get (13 bytes)
Event: 6.514 Thread 0x0000000019a79000 nmethod 1759 0x000000000381e210 code [0x000000000381e380, 0x000000000381e528]
Event: 6.750 Thread 0x0000000019a79000 1760       3       org.openqa.selenium.json.JsonInput::expect (177 bytes)
Event: 6.752 Thread 0x0000000019a79000 nmethod 1760 0x000000000383f7d0 code [0x000000000383fba0, 0x0000000003841dc8]
Event: 11.766 Thread 0x0000000019a79000 1761       3       java.util.regex.Pattern$CharProperty$1::isSatisfiedBy (17 bytes)
Event: 11.767 Thread 0x0000000019a79000 nmethod 1761 0x000000000381dd50 code [0x000000000381dec0, 0x000000000381e148]
Event: 49.816 Thread 0x0000000019a6f000 1762 %     4       org.eclipse.jdt.launching.internal.org.objectweb.asm.ClassReader::readCode @ 71 (5089 bytes)
Event: 50.892 Thread 0x0000000019a6f000 nmethod 1762% 0x0000000003879710 code [0x000000000387a580, 0x0000000003891a78]
Event: 417.476 Thread 0x0000000019a70000 1763       4       org.eclipse.jdt.launching.internal.org.objectweb.asm.ClassReader::readCode (5089 bytes)
Event: 418.421 Thread 0x0000000019a70000 nmethod 1763 0x00000000038a53d0 code [0x00000000038a61c0, 0x00000000038ba298]

GC Heap History (8 events):
Event: 0.901 GC heap before
{Heap before GC invocations=1 (full 0):
 PSYoungGen      total 37888K, used 32768K [0x00000000d6100000, 0x00000000d8b00000, 0x0000000100000000)
  eden space 32768K, 100% used [0x00000000d6100000,0x00000000d8100000,0x00000000d8100000)
  from space 5120K, 0% used [0x00000000d8600000,0x00000000d8600000,0x00000000d8b00000)
  to   space 5120K, 0% used [0x00000000d8100000,0x00000000d8100000,0x00000000d8600000)
 ParOldGen       total 86016K, used 0K [0x0000000082200000, 0x0000000087600000, 0x00000000d6100000)
  object space 86016K, 0% used [0x0000000082200000,0x0000000082200000,0x0000000087600000)
 Metaspace       used 7149K, capacity 7238K, committed 7424K, reserved 1056768K
  class space    used 904K, capacity 945K, committed 1024K, reserved 1048576K
Event: 0.905 GC heap after
Heap after GC invocations=1 (full 0):
 PSYoungGen      total 37888K, used 3013K [0x00000000d6100000, 0x00000000d8b00000, 0x0000000100000000)
  eden space 32768K, 0% used [0x00000000d6100000,0x00000000d6100000,0x00000000d8100000)
  from space 5120K, 58% used [0x00000000d8100000,0x00000000d83f1420,0x00000000d8600000)
  to   space 5120K, 0% used [0x00000000d8600000,0x00000000d8600000,0x00000000d8b00000)
 ParOldGen       total 86016K, used 8K [0x0000000082200000, 0x0000000087600000, 0x00000000d6100000)
  object space 86016K, 0% used [0x0000000082200000,0x0000000082202000,0x0000000087600000)
 Metaspace       used 7149K, capacity 7238K, committed 7424K, reserved 1056768K
  class space    used 904K, capacity 945K, committed 1024K, reserved 1048576K
}
Event: 1.468 GC heap before
{Heap before GC invocations=2 (full 0):
 PSYoungGen      total 37888K, used 35781K [0x00000000d6100000, 0x00000000d8b00000, 0x0000000100000000)
  eden space 32768K, 100% used [0x00000000d6100000,0x00000000d8100000,0x00000000d8100000)
  from space 5120K, 58% used [0x00000000d8100000,0x00000000d83f1420,0x00000000d8600000)
  to   space 5120K, 0% used [0x00000000d8600000,0x00000000d8600000,0x00000000d8b00000)
 ParOldGen       total 86016K, used 8K [0x0000000082200000, 0x0000000087600000, 0x00000000d6100000)
  object space 86016K, 0% used [0x0000000082200000,0x0000000082202000,0x0000000087600000)
 Metaspace       used 10302K, capacity 10394K, committed 10624K, reserved 1058816K
  class space    used 1372K, capacity 1400K, committed 1408K, reserved 1048576K
Event: 1.476 GC heap after
Heap after GC invocations=2 (full 0):
 PSYoungGen      total 37888K, used 4043K [0x00000000d6100000, 0x00000000d8b00000, 0x0000000100000000)
  eden space 32768K, 0% used [0x00000000d6100000,0x00000000d6100000,0x00000000d8100000)
  from space 5120K, 78% used [0x00000000d8600000,0x00000000d89f2fc8,0x00000000d8b00000)
  to   space 5120K, 0% used [0x00000000d8100000,0x00000000d8100000,0x00000000d8600000)
 ParOldGen       total 86016K, used 16K [0x0000000082200000, 0x0000000087600000, 0x00000000d6100000)
  object space 86016K, 0% used [0x0000000082200000,0x0000000082204000,0x0000000087600000)
 Metaspace       used 10302K, capacity 10394K, committed 10624K, reserved 1058816K
  class space    used 1372K, capacity 1400K, committed 1408K, reserved 1048576K
}
Event: 2.347 GC heap before
{Heap before GC invocations=3 (full 0):
 PSYoungGen      total 37888K, used 36811K [0x00000000d6100000, 0x00000000d8b00000, 0x0000000100000000)
  eden space 32768K, 100% used [0x00000000d6100000,0x00000000d8100000,0x00000000d8100000)
  from space 5120K, 78% used [0x00000000d8600000,0x00000000d89f2fc8,0x00000000d8b00000)
  to   space 5120K, 0% used [0x00000000d8100000,0x00000000d8100000,0x00000000d8600000)
 ParOldGen       total 86016K, used 16K [0x0000000082200000, 0x0000000087600000, 0x00000000d6100000)
  object space 86016K, 0% used [0x0000000082200000,0x0000000082204000,0x0000000087600000)
 Metaspace       used 13954K, capacity 14196K, committed 14336K, reserved 1060864K
  class space    used 1848K, capacity 1934K, committed 2048K, reserved 1048576K
Event: 2.353 GC heap after
Heap after GC invocations=3 (full 0):
 PSYoungGen      total 37888K, used 5111K [0x00000000d6100000, 0x00000000d8b00000, 0x0000000100000000)
  eden space 32768K, 0% used [0x00000000d6100000,0x00000000d6100000,0x00000000d8100000)
  from space 5120K, 99% used [0x00000000d8100000,0x00000000d85fdde8,0x00000000d8600000)
  to   space 5120K, 0% used [0x00000000d8600000,0x00000000d8600000,0x00000000d8b00000)
 ParOldGen       total 86016K, used 558K [0x0000000082200000, 0x0000000087600000, 0x00000000d6100000)
  object space 86016K, 0% used [0x0000000082200000,0x000000008228bba8,0x0000000087600000)
 Metaspace       used 13954K, capacity 14196K, committed 14336K, reserved 1060864K
  class space    used 1848K, capacity 1934K, committed 2048K, reserved 1048576K
}
Event: 3.390 GC heap before
{Heap before GC invocations=4 (full 0):
 PSYoungGen      total 37888K, used 37879K [0x00000000d6100000, 0x00000000d8b00000, 0x0000000100000000)
  eden space 32768K, 100% used [0x00000000d6100000,0x00000000d8100000,0x00000000d8100000)
  from space 5120K, 99% used [0x00000000d8100000,0x00000000d85fdde8,0x00000000d8600000)
  to   space 5120K, 0% used [0x00000000d8600000,0x00000000d8600000,0x00000000d8b00000)
 ParOldGen       total 86016K, used 558K [0x0000000082200000, 0x0000000087600000, 0x00000000d6100000)
  object space 86016K, 0% used [0x0000000082200000,0x000000008228bba8,0x0000000087600000)
 Metaspace       used 17119K, capacity 17830K, committed 17920K, reserved 1064960K
  class space    used 2321K, capacity 2509K, committed 2560K, reserved 1048576K
Event: 3.400 GC heap after
Heap after GC invocations=4 (full 0):
 PSYoungGen      total 37888K, used 5116K [0x00000000d6100000, 0x00000000d8b00000, 0x0000000100000000)
  eden space 32768K, 0% used [0x00000000d6100000,0x00000000d6100000,0x00000000d8100000)
  from space 5120K, 99% used [0x00000000d8600000,0x00000000d8aff088,0x00000000d8b00000)
  to   space 5120K, 0% used [0x00000000d8100000,0x00000000d8100000,0x00000000d8600000)
 ParOldGen       total 86016K, used 2084K [0x0000000082200000, 0x0000000087600000, 0x00000000d6100000)
  object space 86016K, 2% used [0x0000000082200000,0x00000000824090a0,0x0000000087600000)
 Metaspace       used 17119K, capacity 17830K, committed 17920K, reserved 1064960K
  class space    used 2321K, capacity 2509K, committed 2560K, reserved 1048576K
}

Deoptimization events (10 events):
Event: 1.514 Thread 0x0000000003044800 Uncommon trap: reason=unstable_if action=reinterpret pc=0x00000000034aa040 method=org.eclipse.jdt.launching.internal.org.objectweb.asm.ClassReader.<init>([BIZ)V @ 350
Event: 2.367 Thread 0x0000000003044800 Uncommon trap: reason=unstable_if action=reinterpret pc=0x0000000003304eb8 method=java.lang.String.replace(CC)Ljava/lang/String; @ 2
Event: 2.400 Thread 0x000000001e7ed800 Uncommon trap: reason=unstable_if action=reinterpret pc=0x0000000003631560 method=java.lang.CharacterDataLatin1.digit(II)I @ 82
Event: 2.900 Thread 0x000000001e7ed800 Uncommon trap: reason=unstable_if action=reinterpret pc=0x0000000003635fac method=java.lang.CharacterDataLatin1.digit(II)I @ 82
Event: 2.917 Thread 0x0000000003044800 Uncommon trap: reason=null_assert action=make_not_entrant pc=0x00000000036f9028 method=org.eclipse.jdt.launching.internal.org.objectweb.asm.ClassReader.readCode(Lorg/eclipse/jdt/launching/internal/org/objectweb/asm/MethodVisitor;Lorg/eclipse/jdt/launching
Event: 3.068 Thread 0x0000000003044800 Uncommon trap: reason=unstable_if action=reinterpret pc=0x000000000363db48 method=org.eclipse.jdt.launching.internal.org.objectweb.asm.ClassReader.readMethod(Lorg/eclipse/jdt/launching/internal/org/objectweb/asm/ClassVisitor;Lorg/eclipse/jdt/launching/int
Event: 3.069 Thread 0x0000000003044800 Uncommon trap: reason=unstable_if action=reinterpret pc=0x0000000003739a8c method=org.eclipse.jdt.launching.internal.org.objectweb.asm.MethodWriter.computeMethodInfoSize()I @ 544
Event: 3.246 Thread 0x0000000003044800 Uncommon trap: reason=unstable_if action=reinterpret pc=0x0000000003415e14 method=org.eclipse.jdt.launching.internal.org.objectweb.asm.ByteVector.putUTF8(Ljava/lang/String;)Lorg/eclipse/jdt/launching/internal/org/objectweb/asm/ByteVector; @ 93
Event: 3.246 Thread 0x0000000003044800 Uncommon trap: reason=unstable_if action=reinterpret pc=0x000000000345f4d4 method=org.eclipse.jdt.launching.internal.org.objectweb.asm.ByteVector.encodeUtf8(Ljava/lang/String;II)Lorg/eclipse/jdt/launching/internal/org/objectweb/asm/ByteVector; @ 30
Event: 5.290 Thread 0x0000000003044800 Uncommon trap: reason=bimorphic action=maybe_recompile pc=0x000000000367a0f4 method=java.util.HashMap.putVal(ILjava/lang/Object;Ljava/lang/Object;ZZ)Ljava/lang/Object; @ 203

Classes redefined (10 events):
Event: 49.825 Thread 0x0000000017bd8000 redefined class name=StepDefinition.Steps, count=1
Event: 282.907 Thread 0x0000000017bd8000 redefined class name=StepDefinition.Steps, count=2
Event: 311.439 Thread 0x0000000017bd8000 redefined class name=StepDefinition.Steps, count=3
Event: 332.634 Thread 0x0000000017bd8000 redefined class name=StepDefinition.Steps, count=4
Event: 342.945 Thread 0x0000000017bd8000 redefined class name=StepDefinition.Steps, count=5
Event: 414.247 Thread 0x0000000017bd8000 redefined class name=StepDefinition.Steps, count=6
Event: 417.491 Thread 0x0000000017bd8000 redefined class name=StepDefinition.Steps, count=7
Event: 450.598 Thread 0x0000000017bd8000 redefined class name=StepDefinition.Steps, count=8
Event: 476.147 Thread 0x0000000017bd8000 redefined class name=StepDefinition.Steps, count=9
Event: 643.561 Thread 0x0000000017bd8000 redefined class name=StepDefinition.Steps, count=10

Internal exceptions (10 events):
Event: 2.964 Thread 0x0000000003044800 Exception <a 'java/lang/NoSuchMethodError': java.lang.Object.lambda$or$2(Ljava/util/function/Predicate;Ljava/lang/Object;)Z> (0x00000000d65f6968) thrown at [C:\re\workspace\8-2-build-windows-amd64-cygwin\jdk8u201\12322\hotspot\src\share\vm\interpreter\lin
Event: 3.007 Thread 0x0000000003044800 Exception <a 'java/lang/ArrayIndexOutOfBoundsException'> (0x00000000d6909900) thrown at [C:\re\workspace\8-2-build-windows-amd64-cygwin\jdk8u201\12322\hotspot\src\share\vm\runtime\sharedRuntime.cpp, line 605]
Event: 3.008 Thread 0x0000000003044800 Exception <a 'java/lang/ArrayIndexOutOfBoundsException'> (0x00000000d690aff0) thrown at [C:\re\workspace\8-2-build-windows-amd64-cygwin\jdk8u201\12322\hotspot\src\share\vm\runtime\sharedRuntime.cpp, line 605]
Event: 3.008 Thread 0x0000000003044800 Exception <a 'java/lang/ArrayIndexOutOfBoundsException'> (0x00000000d690c450) thrown at [C:\re\workspace\8-2-build-windows-amd64-cygwin\jdk8u201\12322\hotspot\src\share\vm\runtime\sharedRuntime.cpp, line 605]
Event: 3.009 Thread 0x0000000003044800 Exception <a 'java/lang/ArrayIndexOutOfBoundsException'> (0x00000000d6915360) thrown at [C:\re\workspace\8-2-build-windows-amd64-cygwin\jdk8u201\12322\hotspot\src\share\vm\runtime\sharedRuntime.cpp, line 605]
Event: 3.009 Thread 0x0000000003044800 Exception <a 'java/lang/ArrayIndexOutOfBoundsException'> (0x00000000d691dc68) thrown at [C:\re\workspace\8-2-build-windows-amd64-cygwin\jdk8u201\12322\hotspot\src\share\vm\runtime\sharedRuntime.cpp, line 605]
Event: 3.076 Thread 0x0000000003044800 Exception <a 'java/lang/NoSuchMethodError': java.lang.Object.lambda$chars$0()Ljava/util/Spliterator$OfInt;> (0x00000000d6df9248) thrown at [C:\re\workspace\8-2-build-windows-amd64-cygwin\jdk8u201\12322\hotspot\src\share\vm\interpreter\linkResolver.cpp, li
Event: 5.281 Thread 0x0000000003044800 Exception <a 'java/lang/NoSuchMethodError': java.lang.Object.lambda$getResponseFunction$0(Lorg/openqa/selenium/remote/InitialHandshakeResponse;)Lorg/openqa/selenium/remote/ProtocolHandshake$Result;> (0x00000000d64982f8) thrown at [C:\re\workspace\8-2-buil
Event: 5.337 Thread 0x0000000003044800 Exception <a 'java/net/SocketTimeoutException': Read timed out> (0x00000000d6735108) thrown at [C:\re\workspace\8-2-build-windows-amd64-cygwin\jdk8u201\12322\hotspot\src\share\vm\prims\jni.cpp, line 735]
Event: 6.522 Thread 0x0000000003044800 Exception <a 'java/net/SocketTimeoutException': Read timed out> (0x00000000d6754520) thrown at [C:\re\workspace\8-2-build-windows-amd64-cygwin\jdk8u201\12322\hotspot\src\share\vm\prims\jni.cpp, line 735]

Events (10 events):
Event: 645.461 Executing VM operation: GetOrSetLocal done
Event: 645.461 Executing VM operation: GetOrSetLocal
Event: 645.462 Executing VM operation: GetOrSetLocal done
Event: 645.462 Executing VM operation: GetOrSetLocal
Event: 645.462 Executing VM operation: GetOrSetLocal done
Event: 645.462 Executing VM operation: GetOrSetLocal
Event: 645.462 Executing VM operation: GetOrSetLocal done
Event: 645.463 Executing VM operation: GetOrSetLocal
Event: 645.463 Executing VM operation: GetOrSetLocal done
Event: 648.536 Executing VM operation: GetOrSetLocal


Dynamic libraries:
0x00007ff7a86c0000 - 0x00007ff7a86f7000 	C:\Program Files\Java\jre1.8.0_201\bin\javaw.exe
0x00007ffbb9d70000 - 0x00007ffbb9f51000 	C:\windows\SYSTEM32\ntdll.dll
0x00007ffbb9560000 - 0x00007ffbb9612000 	C:\windows\System32\KERNEL32.DLL
0x00007ffbb6990000 - 0x00007ffbb6c03000 	C:\windows\System32\KERNELBASE.dll
0x00007ffbb9480000 - 0x00007ffbb9521000 	C:\windows\System32\ADVAPI32.dll
0x00007ffbb7540000 - 0x00007ffbb75de000 	C:\windows\System32\msvcrt.dll
0x00007ffbb7850000 - 0x00007ffbb78ab000 	C:\windows\System32\sechost.dll
0x00007ffbb78b0000 - 0x00007ffbb79d4000 	C:\windows\System32\RPCRT4.dll
0x00007ffbb9bb0000 - 0x00007ffbb9d40000 	C:\windows\System32\USER32.dll
0x00007ffbb6970000 - 0x00007ffbb6990000 	C:\windows\System32\win32u.dll
0x00007ffbb9b80000 - 0x00007ffbb9ba8000 	C:\windows\System32\GDI32.dll
0x00007ffbb6d20000 - 0x00007ffbb6eb2000 	C:\windows\System32\gdi32full.dll
0x00007ffbb6850000 - 0x00007ffbb68ef000 	C:\windows\System32\msvcp_win.dll
0x00007ffbb70b0000 - 0x00007ffbb71a8000 	C:\windows\System32\ucrtbase.dll
0x00007ffba3b90000 - 0x00007ffba3df9000 	C:\windows\WinSxS\amd64_microsoft.windows.common-controls_6595b64144ccf1df_6.0.17134.648_none_fb45a0e93062a6d2\COMCTL32.dll
0x00007ffbb9680000 - 0x00007ffbb99a2000 	C:\windows\System32\combase.dll
0x00007ffbb68f0000 - 0x00007ffbb696a000 	C:\windows\System32\bcryptPrimitives.dll
0x00007ffbb99b0000 - 0x00007ffbb99dd000 	C:\windows\System32\IMM32.DLL
0x000000006dd40000 - 0x000000006de11000 	C:\Program Files\Java\jre1.8.0_201\bin\msvcr100.dll
0x000000006df00000 - 0x000000006e7a4000 	C:\Program Files\Java\jre1.8.0_201\bin\server\jvm.dll
0x00007ffbb79e0000 - 0x00007ffbb79e8000 	C:\windows\System32\PSAPI.DLL
0x00007ffb9fa50000 - 0x00007ffb9fa59000 	C:\windows\SYSTEM32\WSOCK32.dll
0x00007ffba9a20000 - 0x00007ffba9a2a000 	C:\windows\SYSTEM32\VERSION.dll
0x00007ffbb3760000 - 0x00007ffbb3783000 	C:\windows\SYSTEM32\WINMM.dll
0x00007ffbb79f0000 - 0x00007ffbb7a5c000 	C:\windows\System32\WS2_32.dll
0x00007ffbb3700000 - 0x00007ffbb372a000 	C:\windows\SYSTEM32\winmmbase.dll
0x00007ffbb71b0000 - 0x00007ffbb71f9000 	C:\windows\System32\cfgmgr32.dll
0x00007ffbb3600000 - 0x00007ffbb360f000 	C:\Program Files\Java\jre1.8.0_201\bin\verify.dll
0x00007ffba8ec0000 - 0x00007ffba8ee9000 	C:\Program Files\Java\jre1.8.0_201\bin\java.dll
0x00007ffb94d60000 - 0x00007ffb94d95000 	C:\Program Files\Java\jre1.8.0_201\bin\jdwp.dll
0x00007ffbb3240000 - 0x00007ffbb3248000 	C:\Program Files\Java\jre1.8.0_201\bin\npt.dll
0x00007ffba4400000 - 0x00007ffba4423000 	C:\Program Files\Java\jre1.8.0_201\bin\instrument.dll
0x00007ffbb1ab0000 - 0x00007ffbb1ac6000 	C:\Program Files\Java\jre1.8.0_201\bin\zip.dll
0x00007ffbb7f60000 - 0x00007ffbb93a0000 	C:\windows\System32\SHELL32.dll
0x00007ffbb7a60000 - 0x00007ffbb7b09000 	C:\windows\System32\shcore.dll
0x00007ffbb6140000 - 0x00007ffbb684d000 	C:\windows\System32\windows.storage.dll
0x00007ffbb73e0000 - 0x00007ffbb7431000 	C:\windows\System32\shlwapi.dll
0x00007ffbb60b0000 - 0x00007ffbb60c1000 	C:\windows\System32\kernel.appcore.dll
0x00007ffbb6090000 - 0x00007ffbb60af000 	C:\windows\System32\profapi.dll
0x00007ffbb60f0000 - 0x00007ffbb613c000 	C:\windows\System32\powrprof.dll
0x00007ffbb6080000 - 0x00007ffbb608a000 	C:\windows\System32\FLTLIB.DLL
0x00007ffbb1be0000 - 0x00007ffbb1be9000 	C:\Program Files\Java\jre1.8.0_201\bin\dt_socket.dll
0x00007ffb8fd10000 - 0x00007ffb8fd26000 	C:\windows\system32\napinsp.dll
0x00007ffb8fd30000 - 0x00007ffb8fd4a000 	C:\windows\system32\pnrpnsp.dll
0x00007ffbb32d0000 - 0x00007ffbb32e9000 	C:\windows\system32\NLAapi.dll
0x00007ffbb5900000 - 0x00007ffbb5966000 	C:\windows\System32\mswsock.dll
0x00007ffbb5660000 - 0x00007ffbb571e000 	C:\windows\SYSTEM32\DNSAPI.dll
0x00007ffbb9470000 - 0x00007ffbb9478000 	C:\windows\System32\NSI.dll
0x00007ffbb5620000 - 0x00007ffbb5658000 	C:\windows\SYSTEM32\IPHLPAPI.DLL
0x00007ffba6160000 - 0x00007ffba616e000 	C:\windows\System32\winrnr.dll
0x00007ffbaa6f0000 - 0x00007ffbaa705000 	C:\windows\System32\wshbth.dll
0x00007ffbb0790000 - 0x00007ffbb0802000 	C:\windows\System32\fwpuclnt.dll
0x00007ffbb5be0000 - 0x00007ffbb5c05000 	C:\windows\SYSTEM32\bcrypt.dll
0x00007ffba6ae0000 - 0x00007ffba6aea000 	C:\Windows\System32\rasadhlp.dll
0x00007ffba8ea0000 - 0x00007ffba8eba000 	C:\Program Files\Java\jre1.8.0_201\bin\net.dll
0x00007ffba7fd0000 - 0x00007ffba8198000 	C:\windows\SYSTEM32\urlmon.dll
0x00007ffba8770000 - 0x00007ffba8a15000 	C:\windows\SYSTEM32\iertutil.dll
0x00007ffbb5ab0000 - 0x00007ffbb5abb000 	C:\windows\SYSTEM32\CRYPTBASE.DLL
0x00007ffba4430000 - 0x00007ffba4454000 	C:\Program Files\Java\jre1.8.0_201\bin\sunec.dll
0x00007ffbb1bc0000 - 0x00007ffbb1bcb000 	C:\Program Files\Java\jre1.8.0_201\bin\sunmscapi.dll
0x00007ffbb6ec0000 - 0x00007ffbb70a2000 	C:\windows\System32\CRYPT32.dll
0x00007ffbb60d0000 - 0x00007ffbb60e2000 	C:\windows\System32\MSASN1.dll
0x00007ffbaca50000 - 0x00007ffbaca66000 	C:\windows\SYSTEM32\dhcpcsvc6.DLL
0x00007ffbac790000 - 0x00007ffbac7aa000 	C:\windows\SYSTEM32\dhcpcsvc.DLL
0x00007ffba8e20000 - 0x00007ffba8e31000 	C:\Program Files\Java\jre1.8.0_201\bin\nio.dll
0x00007ffbb5ac0000 - 0x00007ffbb5ad7000 	C:\windows\SYSTEM32\CRYPTSP.dll
0x00007ffbb5250000 - 0x00007ffbb5283000 	C:\windows\system32\rsaenh.dll
0x00007ffbb5fb0000 - 0x00007ffbb5fd8000 	C:\windows\SYSTEM32\USERENV.dll

VM Arguments:
jvm_args: -agentlib:jdwp=transport=dt_socket,suspend=y,address=localhost:56187 -ea -javaagent:C:\Users\daniel.lima.nogueira\eclipse\java-2018-12\eclipse\configuration\org.eclipse.osgi\221\0\.cp\lib\javaagent-shaded.jar -Dfile.encoding=Cp1252 
java_command: org.eclipse.jdt.internal.junit.runner.RemoteTestRunner -version 3 -port 56186 -testLoaderClass org.eclipse.jdt.internal.junit4.runner.JUnit4TestLoader -loaderpluginname org.eclipse.jdt.junit4.runtime -classNames TestRunner.Runner
java_class_path (initial): C:\Users\daniel.lima.nogueira\eclipse-workspace\QA_Sortable_Challenge\target\test-classes;C:\Users\daniel.lima.nogueira\eclipse-workspace\QA_Sortable_Challenge\target\classes;C:\Users\daniel.lima.nogueira\.m2\repository\info\cukes\cucumber-java\1.2.5\cucumber-java-1.2.5.jar;C:\Users\daniel.lima.nogueira\.m2\repository\info\cukes\cucumber-core\1.2.5\cucumber-core-1.2.5.jar;C:\Users\daniel.lima.nogueira\.m2\repository\info\cukes\cucumber-html\0.2.3\cucumber-html-0.2.3.jar;C:\Users\daniel.lima.nogueira\.m2\repository\info\cukes\cucumber-jvm-deps\1.0.5\cucumber-jvm-deps-1.0.5.jar;C:\Users\daniel.lima.nogueira\.m2\repository\info\cukes\gherkin\2.12.2\gherkin-2.12.2.jar;C:\Users\daniel.lima.nogueira\.m2\repository\org\seleniumhq\selenium\selenium-java\3.141.59\selenium-java-3.141.59.jar;C:\Users\daniel.lima.nogueira\.m2\repository\org\seleniumhq\selenium\selenium-api\3.141.59\selenium-api-3.141.59.jar;C:\Users\daniel.lima.nogueira\.m2\repository\org\seleniumhq\selenium\selenium-chrome-driver\3.141.59\selenium-chrome-driver-3.141.59.jar;C:\Users\daniel.lima.nogueira\.m2\repository\org\seleniumhq\selenium\selenium-edge-driver\3.141.59\selenium-edge-driver-3.141.59.jar;C:\Users\daniel.lima.nogueira\.m2\repository\org\seleniumhq\selenium\selenium-firefox-driver\3.141.59\selenium-firefox-driver-3.141.59.jar;C:\Users\daniel.lima.nogueira\.m2\repository\org\seleniumhq\selenium\selenium-ie-driver\3.141.59\selenium-ie-driver-3.141.59.jar;C:\Users\daniel.lima.nogueira\.m2\repository\org\seleniumhq\selenium\selenium-opera-driver\3.141.59\selenium-opera-driver-3.141.59.jar;C:\Users\daniel.lima.nogueira\.m2\repository\org\seleniumhq\selenium\selenium-remote-driver\3.141.59\selenium-remote-driver-3.141.59.jar;C:\Users\daniel.lima.nogueira\.m2\repository\org\seleniumhq\selenium\selenium-safari-driver\3.141.59\selenium-safari-driver-3.141.59.jar;C:\Users\daniel.lima.nogueira\.m2\repository\org\seleniumhq\selenium\selenium-support\3.141.59\selenium-support-3.1
Launcher Type: SUN_STANDARD

Environment Variables:
PATH=C:/Program Files/Java/jre1.8.0_201/bin/server;C:/Program Files/Java/jre1.8.0_201/bin;C:/Program Files/Java/jre1.8.0_201/lib/amd64;C:\Program Files (x86)\Common Files\Oracle\Java\javapath;C:\Program Files (x86)\Intel\Intel(R) Management Engine Components\iCLS\;C:\Program Files\Intel\Intel(R) Management Engine Components\iCLS\;C:\windows\system32;C:\windows;C:\windows\System32\Wbem;C:\windows\System32\WindowsPowerShell\v1.0\;C:\windows\System32\OpenSSH\;C:\Program Files (x86)\Intel\Intel(R) Management Engine Components\DAL;C:\Program Files\Intel\Intel(R) Management Engine Components\DAL;C:\Program Files (x86)\Intel\Intel(R) Management Engine Components\IPT;C:\Program Files\Intel\Intel(R) Management Engine Components\IPT;C:\Program Files\Intel\WiFi\bin\;C:\Program Files\Common Files\Intel\WirelessCommon\;C:\Users\daniel.lima.nogueira\.dnx\bin;C:\Program Files\Microsoft DNX\Dnvm\;C:\Program Files\Microsoft SQL Server\130\Tools\Binn\;c:\Program Files (x86)\Microsoft SQL Server\100\Tools\Binn\;c:\Program Files\Microsoft SQL Server\100\Tools\Binn\;c:\Program Files\Microsoft SQL Server\100\DTS\Binn\;c:\Program Files (x86)\Microsoft SQL Server\100\Tools\Binn\VSShell\Common7\IDE\;c:\Program Files (x86)\Microsoft Visual Studio 9.0\Common7\IDE\PrivateAssemblies\;c:\Program Files (x86)\Microsoft SQL Server\100\DTS\Binn\;C:\Program Files (x86)\Windows Kits\8.1\Windows Performance Toolkit\;C:\Program Files\PuTTY\;C:\Program Files (x86)\Micro Focus\Unified Functional Testing\bin;C:\Program Files\TortoiseSVN\bin;C:\Program Files (x86)\ZeroTier\One\;C:\Program Files\nodejs\;C:\Users\daniel.lima.nogueira\AppData\Local\Microsoft\WindowsApps;C:\Program Files\Mozilla Firefox\firefox.exe;C:\Users\daniel.lima.nogueira\AppData\Local\GitHubDesktop\bin;C:\Users\daniel.lima.nogueira\AppData\Roaming\npm;C:\Users\daniel.lima.nogueira\eclipse\java-2018-12\eclipse;
USERNAME=daniel.lima.nogueira
OS=Windows_NT
PROCESSOR_IDENTIFIER=Intel64 Family 6 Model 142 Stepping 9, GenuineIntel



---------------  S Y S T E M  ---------------

OS: Windows 10.0 , 64 bit Build 17134 (10.0.17134.648)

CPU:total 4 (initial active 4) (2 cores per cpu, 2 threads per core) family 6 model 142 stepping 9, cmov, cx8, fxsr, mmx, sse, sse2, sse3, ssse3, sse4.1, sse4.2, popcnt, avx, avx2, aes, clmul, erms, rtm, 3dnowpref, lzcnt, ht, tsc, tscinvbit, bmi1, bmi2, adx

Memory: 4k page, physical 8247400k(2087924k free), swap 17160296k(6945796k free)

vm_info: Java HotSpot(TM) 64-Bit Server VM (25.201-b09) for windows-amd64 JRE (1.8.0_201-b09), built on Dec 15 2018 18:36:39 by "java_re" with MS VC++ 10.0 (VS2010)

time: Fri Apr 05 09:51:23 2019
timezone: SA Eastern Standard Time
elapsed time: 648 seconds (0d 0h 10m 48s)

